0 info it worked if it ends with ok
1 verbose cli [ '/usr/bin/nodejs', '/usr/bin/npm', 'run', 'jasmine-tests' ]
2 info using npm@3.5.2
3 info using node@v4.2.6
4 verbose run-script [ 'prejasmine-tests', 'jasmine-tests', 'postjasmine-tests' ]
5 info lifecycle wo-ist-markt@0.0.1~prejasmine-tests: wo-ist-markt@0.0.1
6 silly lifecycle wo-ist-markt@0.0.1~prejasmine-tests: no script for prejasmine-tests, continuing
7 info lifecycle wo-ist-markt@0.0.1~jasmine-tests: wo-ist-markt@0.0.1
8 verbose lifecycle wo-ist-markt@0.0.1~jasmine-tests: unsafe-perm in lifecycle true
9 verbose lifecycle wo-ist-markt@0.0.1~jasmine-tests: PATH: /usr/share/npm/bin/node-gyp-bin:/home/lukas/Schreibtisch/Wo ist Markt/wo-ist-markt.github.io/node_modules/.bin:/usr/share/npm/bin/node-gyp-bin:/home/lukas/Schreibtisch/Wo ist Markt/wo-ist-markt.github.io/node_modules/.bin:/usr/local/sbin:/usr/local/bin:/usr/sbin:/usr/bin:/sbin:/bin:/usr/games:/usr/local/games
10 verbose lifecycle wo-ist-markt@0.0.1~jasmine-tests: CWD: /home/lukas/Schreibtisch/Wo ist Markt/wo-ist-markt.github.io
11 silly lifecycle wo-ist-markt@0.0.1~jasmine-tests: Args: [ '-c', 'jasmine' ]
12 info lifecycle wo-ist-markt@0.0.1~jasmine-tests: Failed to exec jasmine-tests script
13 verbose stack Error: wo-ist-markt@0.0.1 jasmine-tests: `jasmine`
13 verbose stack spawn ENOENT
13 verbose stack     at ChildProcess.<anonymous> (/usr/share/npm/lib/utils/spawn.js:17:16)
13 verbose stack     at emitTwo (events.js:87:13)
13 verbose stack     at ChildProcess.emit (events.js:172:7)
13 verbose stack     at maybeClose (internal/child_process.js:821:16)
13 verbose stack     at Process.ChildProcess._handle.onexit (internal/child_process.js:211:5)
14 verbose pkgid wo-ist-markt@0.0.1
15 verbose cwd /home/lukas/Schreibtisch/Wo ist Markt/wo-ist-markt.github.io
16 error Linux 4.4.0-45-generic
17 error argv "/usr/bin/nodejs" "/usr/bin/npm" "run" "jasmine-tests"
18 error node v4.2.6
19 error npm  v3.5.2
20 error file sh
21 error code ELIFECYCLE
22 error errno ENOENT
23 error syscall spawn
24 error wo-ist-markt@0.0.1 jasmine-tests: `jasmine`
24 error spawn ENOENT
25 error Failed at the wo-ist-markt@0.0.1 jasmine-tests script 'jasmine'.
25 error Make sure you have the latest version of node.js and npm installed.
25 error If you do, this is most likely a problem with the wo-ist-markt package,
25 error not with npm itself.
25 error Tell the author that this fails on your system:
25 error     jasmine
25 error You can get information on how to open an issue for this project with:
25 error     npm bugs wo-ist-markt
25 error Or if that isn't available, you can get their info via:
25 error     npm owner ls wo-ist-markt
25 error There is likely additional logging output above.
26 verbose exit [ 1, true ]
